Sun Jan 31 21:45:01 HKT 2010  [debug] AvalonLogSystem initialized using logfile '/home/luolei/Workspaces/MyEclipse 8.x/.metadata/.plugins/com.genuitec.eclipse.templates/velocity.log'
Sun Jan 31 21:45:01 HKT 2010   [info] ************************************************************** 
Sun Jan 31 21:45:01 HKT 2010   [info] Starting Jakarta Velocity v1.4
Sun Jan 31 21:45:01 HKT 2010   [info] RuntimeInstance initializing.
Sun Jan 31 21:45:01 HKT 2010   [info] Default Properties File: org/apache/velocity/runtime/defaults/velocity.properties
Sun Jan 31 21:45:01 HKT 2010   [info] Trying to use logger class org.apache.velocity.runtime.log.AvalonLogSystem
Sun Jan 31 21:45:01 HKT 2010   [info] Using logger class org.apache.velocity.runtime.log.AvalonLogSystem
Sun Jan 31 21:45:01 HKT 2010   [info] Default ResourceManager initializing. (class org.apache.velocity.runtime.resource.ResourceManagerImpl)
Sun Jan 31 21:45:01 HKT 2010   [info] Resource Loader Instantiated: com.genuitec.eclipse.templates.internal.PluginResourceLoader
Sun Jan 31 21:45:01 HKT 2010   [info] ResourceCache : initialized. (class org.apache.velocity.runtime.resource.ResourceCacheImpl)
Sun Jan 31 21:45:01 HKT 2010   [info] Default ResourceManager initialization complete.
Sun Jan 31 21:45:01 HKT 2010   [info] Loaded System Directive: org.apache.velocity.runtime.directive.Literal
Sun Jan 31 21:45:01 HKT 2010   [info] Loaded System Directive: org.apache.velocity.runtime.directive.Macro
Sun Jan 31 21:45:01 HKT 2010   [info] Loaded System Directive: org.apache.velocity.runtime.directive.Parse
Sun Jan 31 21:45:01 HKT 2010   [info] Loaded System Directive: org.apache.velocity.runtime.directive.Include
Sun Jan 31 21:45:01 HKT 2010   [info] Loaded System Directive: org.apache.velocity.runtime.directive.Foreach
Sun Jan 31 21:45:01 HKT 2010   [info] Created: 20 parsers.
Sun Jan 31 21:45:01 HKT 2010   [info] Velocimacro : initialization starting.
Sun Jan 31 21:45:01 HKT 2010   [info] Velocimacro : adding VMs from VM library template : VM_global_library.vm
Sun Jan 31 21:45:01 HKT 2010  [error] ResourceManager : unable to find resource 'VM_global_library.vm' in any resource loader.
Sun Jan 31 21:45:01 HKT 2010   [info] Velocimacro : error using  VM library template VM_global_library.vm : org.apache.velocity.exception.ResourceNotFoundException: Unable to find resource 'VM_global_library.vm'
Sun Jan 31 21:45:01 HKT 2010   [info] Velocimacro :  VM library template macro registration complete.
Sun Jan 31 21:45:01 HKT 2010   [info] Velocimacro : allowInline = true : VMs can be defined inline in templates
Sun Jan 31 21:45:01 HKT 2010   [info] Velocimacro : allowInlineToOverride = true : VMs defined inline may replace previous VM definitions
Sun Jan 31 21:45:01 HKT 2010   [info] Velocimacro : allowInlineLocal = true : VMs defined inline will be local to their defining template only.
Sun Jan 31 21:45:01 HKT 2010   [info] Velocimacro : messages on  : VM system will output logging messages
Sun Jan 31 21:45:01 HKT 2010   [info] Velocimacro : autoload off  : VM system will not automatically reload global library macros
Sun Jan 31 21:45:01 HKT 2010   [info] Velocimacro : initialization complete.
Sun Jan 31 21:45:01 HKT 2010   [info] Velocity successfully started.
Sun Jan 31 21:45:01 HKT 2010   [info] ResourceManager : found templates/web.xml.vm with loader com.genuitec.eclipse.templates.internal.PluginResourceLoader
Sun Jan 31 21:45:01 HKT 2010   [info] ResourceManager : found /templates/velocity/welcome/Jsp.vtl with loader com.genuitec.eclipse.templates.internal.PluginResourceLoader
Sun Jan 31 21:53:38 HKT 2010   [info] ResourceManager : found templates/web.xml.vm with loader com.genuitec.eclipse.templates.internal.PluginResourceLoader
Sun Jan 31 21:53:38 HKT 2010   [info] ResourceManager : found /templates/velocity/welcome/Jsp.vtl with loader com.genuitec.eclipse.templates.internal.PluginResourceLoader
Sun Jan 31 22:03:00 HKT 2010   [info] ResourceManager : found templates/web.xml.vm with loader com.genuitec.eclipse.templates.internal.PluginResourceLoader
Sun Jan 31 22:03:00 HKT 2010   [info] ResourceManager : found /templates/velocity/welcome/Jsp.vtl with loader com.genuitec.eclipse.templates.internal.PluginResourceLoader
Sun Jan 31 22:12:30 HKT 2010   [info] ResourceManager : found templates/web.xml.vm with loader com.genuitec.eclipse.templates.internal.PluginResourceLoader
Sun Jan 31 22:12:30 HKT 2010   [info] ResourceManager : found /templates/velocity/welcome/Jsp.vtl with loader com.genuitec.eclipse.templates.internal.PluginResourceLoader
Sun Jan 31 22:14:13 HKT 2010   [info] ResourceManager : found templates/web.xml.vm with loader com.genuitec.eclipse.templates.internal.PluginResourceLoader
Sun Jan 31 22:14:13 HKT 2010   [info] ResourceManager : found /templates/velocity/welcome/Jsp.vtl with loader com.genuitec.eclipse.templates.internal.PluginResourceLoader
Sun Jan 31 22:23:07 HKT 2010   [info] ResourceManager : found templates/web.xml.vm with loader com.genuitec.eclipse.templates.internal.PluginResourceLoader
Sun Jan 31 22:23:07 HKT 2010   [info] ResourceManager : found /templates/velocity/welcome/Jsp.vtl with loader com.genuitec.eclipse.templates.internal.PluginResourceLoader
Sun Jan 31 22:26:25 HKT 2010   [info] ResourceManager : found templates/web.xml.vm with loader com.genuitec.eclipse.templates.internal.PluginResourceLoader
Sun Jan 31 22:26:25 HKT 2010   [info] ResourceManager : found /templates/velocity/welcome/Jsp.vtl with loader com.genuitec.eclipse.templates.internal.PluginResourceLoader
Sun Jan 31 22:37:23 HKT 2010   [info] ResourceManager : found templates/web.xml.vm with loader com.genuitec.eclipse.templates.internal.PluginResourceLoader
Sun Jan 31 22:37:23 HKT 2010   [info] ResourceManager : found /templates/velocity/welcome/Jsp.vtl with loader com.genuitec.eclipse.templates.internal.PluginResourceLoader
Sun Jan 31 22:53:35 HKT 2010   [info] ResourceManager : found templates/web.xml.vm with loader com.genuitec.eclipse.templates.internal.PluginResourceLoader
Sun Jan 31 22:53:35 HKT 2010   [info] ResourceManager : found /templates/velocity/welcome/Jsp.vtl with loader com.genuitec.eclipse.templates.internal.PluginResourceLoader
Sun Jan 31 22:57:25 HKT 2010   [info] ResourceManager : found templates/web.xml.vm with loader com.genuitec.eclipse.templates.internal.PluginResourceLoader
Sun Jan 31 22:57:25 HKT 2010   [info] ResourceManager : found /templates/velocity/welcome/Jsp.vtl with loader com.genuitec.eclipse.templates.internal.PluginResourceLoader
Sun Jan 31 22:58:10 HKT 2010   [info] ResourceManager : found templates/web.xml.vm with loader com.genuitec.eclipse.templates.internal.PluginResourceLoader
Sun Jan 31 22:58:10 HKT 2010   [info] ResourceManager : found /templates/velocity/welcome/Jsp.vtl with loader com.genuitec.eclipse.templates.internal.PluginResourceLoader
Sun Jan 31 23:10:14 HKT 2010   [info] ResourceManager : found templates/web.xml.vm with loader com.genuitec.eclipse.templates.internal.PluginResourceLoader
Sun Jan 31 23:10:14 HKT 2010   [info] ResourceManager : found /templates/velocity/welcome/Jsp.vtl with loader com.genuitec.eclipse.templates.internal.PluginResourceLoader
