This file contains any messages produced by compilers while
running configure, to aid debugging if configure makes a mistake.

It was created by luo-cpp-util configure 0.1, which was
generated by GNU Autoconf 2.68.  Invocation command line was

  $ ./configure 

## --------- ##
## Platform. ##
## --------- ##

hostname = luolei-laptop
uname -m = i686
uname -r = 3.2.0-27-generic-pae
uname -s = Linux
uname -v = #43-Ubuntu SMP Fri Jul 6 15:06:05 UTC 2012

/usr/bin/uname -p = unknown
/bin/uname -X     = unknown

/bin/arch              = unknown
/usr/bin/arch -k       = unknown
/usr/convex/getsysinfo = unknown
/usr/bin/hostinfo      = unknown
/bin/machine           = unknown
/usr/bin/oslevel       = unknown
/bin/universe          = unknown

PATH: /usr/lib/lightdm/lightdm
PATH: /usr/local/sbin
PATH: /usr/local/bin
PATH: /usr/sbin
PATH: /usr/bin
PATH: /sbin
PATH: /bin
PATH: /usr/games


## ----------- ##
## Core tests. ##
## ----------- ##

configure:2362: checking for a BSD-compatible install
configure:2430: result: /usr/bin/install -c
configure:2441: checking whether build environment is sane
configure:2491: result: yes
configure:2632: checking for a thread-safe mkdir -p
configure:2671: result: /bin/mkdir -p
configure:2684: checking for gawk
configure:2714: result: no
configure:2684: checking for mawk
configure:2700: found /usr/bin/mawk
configure:2711: result: mawk
configure:2722: checking whether make sets $(MAKE)
configure:2744: result: yes
configure:2884: checking for g++
configure:2900: found /usr/bin/g++
configure:2911: result: g++
configure:2938: checking for C++ compiler version
configure:2947: g++ --version >&5
g++ (Ubuntu/Linaro 4.6.3-1ubuntu5) 4.6.3
Copyright (C) 2011 Free Software Foundation, Inc.
This is free software; see the source for copying conditions.  There is NO
warranty; not even for MERCHANTABILITY or FITNESS FOR A PARTICULAR PURPOSE.

configure:2958: $? = 0
configure:2947: g++ -v >&5
Using built-in specs.
COLLECT_GCC=g++
COLLECT_LTO_WRAPPER=/usr/lib/gcc/i686-linux-gnu/4.6/lto-wrapper
Target: i686-linux-gnu
Configured with: ../src/configure -v --with-pkgversion='Ubuntu/Linaro 4.6.3-1ubuntu5' --with-bugurl=file:///usr/share/doc/gcc-4.6/README.Bugs --enable-languages=c,c++,fortran,objc,obj-c++ --prefix=/usr --program-suffix=-4.6 --enable-shared --enable-linker-build-id --with-system-zlib --libexecdir=/usr/lib --without-included-gettext --enable-threads=posix --with-gxx-include-dir=/usr/include/c++/4.6 --libdir=/usr/lib --enable-nls --with-sysroot=/ --enable-clocale=gnu --enable-libstdcxx-debug --enable-libstdcxx-time=yes --enable-gnu-unique-object --enable-plugin --enable-objc-gc --enable-targets=all --disable-werror --with-arch-32=i686 --with-tune=generic --enable-checking=release --build=i686-linux-gnu --host=i686-linux-gnu --target=i686-linux-gnu
Thread model: posix
gcc version 4.6.3 (Ubuntu/Linaro 4.6.3-1ubuntu5) 
configure:2958: $? = 0
configure:2947: g++ -V >&5
g++: error: unrecognized option '-V'
g++: fatal error: no input files
compilation terminated.
configure:2958: $? = 4
configure:2947: g++ -qversion >&5
g++: error: unrecognized option '-qversion'
g++: fatal error: no input files
compilation terminated.
configure:2958: $? = 4
configure:2978: checking whether the C++ compiler works
configure:3000: g++    conftest.cpp  >&5
configure:3004: $? = 0
configure:3052: result: yes
configure:3055: checking for C++ compiler default output file name
configure:3057: result: a.out
configure:3063: checking for suffix of executables
configure:3070: g++ -o conftest    conftest.cpp  >&5
configure:3074: $? = 0
configure:3096: result: 
configure:3118: checking whether we are cross compiling
configure:3126: g++ -o conftest    conftest.cpp  >&5
configure:3130: $? = 0
configure:3137: ./conftest
configure:3141: $? = 0
configure:3156: result: no
configure:3161: checking for suffix of object files
configure:3183: g++ -c   conftest.cpp >&5
configure:3187: $? = 0
configure:3208: result: o
configure:3212: checking whether we are using the GNU C++ compiler
configure:3231: g++ -c   conftest.cpp >&5
configure:3231: $? = 0
configure:3240: result: yes
configure:3249: checking whether g++ accepts -g
configure:3269: g++ -c -g  conftest.cpp >&5
configure:3269: $? = 0
configure:3310: result: yes
configure:3344: checking for style of include used by make
configure:3372: result: GNU
configure:3398: checking dependency style of g++
configure:3509: result: gcc3
configure:3567: checking for ranlib
configure:3583: found /usr/bin/ranlib
configure:3594: result: ranlib
configure:3645: checking build system type
configure:3659: result: i686-pc-linux-gnu
configure:3679: checking host system type
configure:3692: result: i686-pc-linux-gnu
configure:3733: checking how to print strings
configure:3760: result: printf
configure:3829: checking for gcc
configure:3845: found /usr/bin/gcc
configure:3856: result: gcc
configure:4085: checking for C compiler version
configure:4094: gcc --version >&5
gcc (Ubuntu/Linaro 4.6.3-1ubuntu5) 4.6.3
Copyright (C) 2011 Free Software Foundation, Inc.
This is free software; see the source for copying conditions.  There is NO
warranty; not even for MERCHANTABILITY or FITNESS FOR A PARTICULAR PURPOSE.

configure:4105: $? = 0
configure:4094: gcc -v >&5
Using built-in specs.
COLLECT_GCC=gcc
COLLECT_LTO_WRAPPER=/usr/lib/gcc/i686-linux-gnu/4.6/lto-wrapper
Target: i686-linux-gnu
Configured with: ../src/configure -v --with-pkgversion='Ubuntu/Linaro 4.6.3-1ubuntu5' --with-bugurl=file:///usr/share/doc/gcc-4.6/README.Bugs --enable-languages=c,c++,fortran,objc,obj-c++ --prefix=/usr --program-suffix=-4.6 --enable-shared --enable-linker-build-id --with-system-zlib --libexecdir=/usr/lib --without-included-gettext --enable-threads=posix --with-gxx-include-dir=/usr/include/c++/4.6 --libdir=/usr/lib --enable-nls --with-sysroot=/ --enable-clocale=gnu --enable-libstdcxx-debug --enable-libstdcxx-time=yes --enable-gnu-unique-object --enable-plugin --enable-objc-gc --enable-targets=all --disable-werror --with-arch-32=i686 --with-tune=generic --enable-checking=release --build=i686-linux-gnu --host=i686-linux-gnu --target=i686-linux-gnu
Thread model: posix
gcc version 4.6.3 (Ubuntu/Linaro 4.6.3-1ubuntu5) 
configure:4105: $? = 0
configure:4094: gcc -V >&5
gcc: error: unrecognized option '-V'
gcc: fatal error: no input files
compilation terminated.
configure:4105: $? = 4
configure:4094: gcc -qversion >&5
gcc: error: unrecognized option '-qversion'
gcc: fatal error: no input files
compilation terminated.
configure:4105: $? = 4
configure:4109: checking whether we are using the GNU C compiler
configure:4128: gcc -c   conftest.c >&5
configure:4128: $? = 0
configure:4137: result: yes
configure:4146: checking whether gcc accepts -g
configure:4166: gcc -c -g  conftest.c >&5
configure:4166: $? = 0
configure:4207: result: yes
configure:4224: checking for gcc option to accept ISO C89
configure:4288: gcc  -c -g -O2  conftest.c >&5
configure:4288: $? = 0
configure:4301: result: none needed
configure:4323: checking dependency style of gcc
configure:4434: result: gcc3
configure:4449: checking for a sed that does not truncate output
configure:4513: result: /bin/sed
configure:4531: checking for grep that handles long lines and -e
configure:4589: result: /bin/grep
configure:4594: checking for egrep
configure:4656: result: /bin/grep -E
configure:4661: checking for fgrep
configure:4723: result: /bin/grep -F
configure:4758: checking for ld used by gcc
configure:4825: result: /usr/bin/ld
configure:4832: checking if the linker (/usr/bin/ld) is GNU ld
configure:4847: result: yes
configure:4859: checking for BSD- or MS-compatible name lister (nm)
configure:4908: result: /usr/bin/nm -B
configure:5038: checking the name lister (/usr/bin/nm -B) interface
configure:5045: gcc -c -g -O2  conftest.c >&5
configure:5048: /usr/bin/nm -B "conftest.o"
configure:5051: output
00000000 B some_variable
configure:5058: result: BSD nm
configure:5061: checking whether ln -s works
configure:5065: result: yes
configure:5073: checking the maximum length of command line arguments
configure:5203: result: 1572864
configure:5220: checking whether the shell understands some XSI constructs
configure:5230: result: yes
configure:5234: checking whether the shell understands "+="
configure:5240: result: yes
configure:5275: checking how to convert i686-pc-linux-gnu file names to i686-pc-linux-gnu format
configure:5315: result: func_convert_file_noop
configure:5322: checking how to convert i686-pc-linux-gnu file names to toolchain format
configure:5342: result: func_convert_file_noop
configure:5349: checking for /usr/bin/ld option to reload object files
configure:5356: result: -r
configure:5430: checking for objdump
configure:5446: found /usr/bin/objdump
configure:5457: result: objdump
configure:5489: checking how to recognize dependent libraries
configure:5691: result: pass_all
configure:5776: checking for dlltool
configure:5806: result: no
configure:5836: checking how to associate runtime and link libraries
configure:5863: result: printf %s\n
configure:5924: checking for ar
configure:5940: found /usr/bin/ar
configure:5951: result: ar
configure:5988: checking for archiver @FILE support
configure:6005: gcc -c -g -O2  conftest.c >&5
configure:6005: $? = 0
configure:6008: ar cru libconftest.a @conftest.lst >&5
configure:6011: $? = 0
configure:6016: ar cru libconftest.a @conftest.lst >&5
ar: conftest.o: No such file or directory
configure:6019: $? = 1
configure:6031: result: @
configure:6089: checking for strip
configure:6105: found /usr/bin/strip
configure:6116: result: strip
configure:6188: checking for ranlib
configure:6215: result: ranlib
configure:6317: checking command to parse /usr/bin/nm -B output from gcc object
configure:6437: gcc -c -g -O2  conftest.c >&5
configure:6440: $? = 0
configure:6444: /usr/bin/nm -B conftest.o \| sed -n -e 's/^.*[ ]\([ABCDGIRSTW][ABCDGIRSTW]*\)[ ][ ]*\([_A-Za-z][_A-Za-z0-9]*\)$/\1 \2 \2/p' | sed '/ __gnu_lto/d' \> conftest.nm
configure:6447: $? = 0
configure:6513: gcc -o conftest -g -O2   conftest.c conftstm.o >&5
configure:6516: $? = 0
configure:6554: result: ok
configure:6591: checking for sysroot
configure:6621: result: no
configure:6877: checking for mt
configure:6893: found /bin/mt
configure:6904: result: mt
configure:6927: checking if mt is a manifest tool
configure:6933: mt '-?'
configure:6941: result: no
configure:7583: checking how to run the C preprocessor
configure:7614: gcc -E  conftest.c
configure:7614: $? = 0
configure:7628: gcc -E  conftest.c
conftest.c:11:28: fatal error: ac_nonexistent.h: No such file or directory
compilation terminated.
configure:7628: $? = 1
configure: failed program was:
| /* confdefs.h */
| #define PACKAGE_NAME "luo-cpp-util"
| #define PACKAGE_TARNAME "luo-cpp-util"
| #define PACKAGE_VERSION "0.1"
| #define PACKAGE_STRING "luo-cpp-util 0.1"
| #define PACKAGE_BUGREPORT "luoleicn@gmail.com"
| #define PACKAGE_URL ""
| #define PACKAGE "test"
| #define VERSION "1.0"
| /* end confdefs.h.  */
| #include <ac_nonexistent.h>
configure:7653: result: gcc -E
configure:7673: gcc -E  conftest.c
configure:7673: $? = 0
configure:7687: gcc -E  conftest.c
conftest.c:11:28: fatal error: ac_nonexistent.h: No such file or directory
compilation terminated.
configure:7687: $? = 1
configure: failed program was:
| /* confdefs.h */
| #define PACKAGE_NAME "luo-cpp-util"
| #define PACKAGE_TARNAME "luo-cpp-util"
| #define PACKAGE_VERSION "0.1"
| #define PACKAGE_STRING "luo-cpp-util 0.1"
| #define PACKAGE_BUGREPORT "luoleicn@gmail.com"
| #define PACKAGE_URL ""
| #define PACKAGE "test"
| #define VERSION "1.0"
| /* end confdefs.h.  */
| #include <ac_nonexistent.h>
configure:7716: checking for ANSI C header files
configure:7736: gcc -c -g -O2  conftest.c >&5
configure:7736: $? = 0
configure:7809: gcc -o conftest -g -O2   conftest.c  >&5
configure:7809: $? = 0
configure:7809: ./conftest
configure:7809: $? = 0
configure:7820: result: yes
configure:7833: checking for sys/types.h
configure:7833: gcc -c -g -O2  conftest.c >&5
configure:7833: $? = 0
configure:7833: result: yes
configure:7833: checking for sys/stat.h
configure:7833: gcc -c -g -O2  conftest.c >&5
configure:7833: $? = 0
configure:7833: result: yes
configure:7833: checking for stdlib.h
configure:7833: gcc -c -g -O2  conftest.c >&5
configure:7833: $? = 0
configure:7833: result: yes
configure:7833: checking for string.h
configure:7833: gcc -c -g -O2  conftest.c >&5
configure:7833: $? = 0
configure:7833: result: yes
configure:7833: checking for memory.h
configure:7833: gcc -c -g -O2  conftest.c >&5
configure:7833: $? = 0
configure:7833: result: yes
configure:7833: checking for strings.h
configure:7833: gcc -c -g -O2  conftest.c >&5
configure:7833: $? = 0
configure:7833: result: yes
configure:7833: checking for inttypes.h
configure:7833: gcc -c -g -O2  conftest.c >&5
configure:7833: $? = 0
configure:7833: result: yes
configure:7833: checking for stdint.h
configure:7833: gcc -c -g -O2  conftest.c >&5
configure:7833: $? = 0
configure:7833: result: yes
configure:7833: checking for unistd.h
configure:7833: gcc -c -g -O2  conftest.c >&5
configure:7833: $? = 0
configure:7833: result: yes
configure:7847: checking for dlfcn.h
configure:7847: gcc -c -g -O2  conftest.c >&5
configure:7847: $? = 0
configure:7847: result: yes
configure:8064: checking for objdir
configure:8079: result: .libs
configure:8346: checking if gcc supports -fno-rtti -fno-exceptions
configure:8364: gcc -c -g -O2  -fno-rtti -fno-exceptions conftest.c >&5
cc1: warning: command line option '-fno-rtti' is valid for C++/ObjC++ but not for C [enabled by default]
configure:8368: $? = 0
configure:8381: result: no
configure:8708: checking for gcc option to produce PIC
configure:8715: result: -fPIC -DPIC
configure:8723: checking if gcc PIC flag -fPIC -DPIC works
configure:8741: gcc -c -g -O2  -fPIC -DPIC -DPIC conftest.c >&5
configure:8745: $? = 0
configure:8758: result: yes
configure:8787: checking if gcc static flag -static works
configure:8815: result: yes
configure:8830: checking if gcc supports -c -o file.o
configure:8851: gcc -c -g -O2  -o out/conftest2.o conftest.c >&5
configure:8855: $? = 0
configure:8877: result: yes
configure:8885: checking if gcc supports -c -o file.o
configure:8932: result: yes
configure:8965: checking whether the gcc linker (/usr/bin/ld) supports shared libraries
configure:10122: result: yes
configure:10159: checking whether -lc should be explicitly linked in
configure:10167: gcc -c -g -O2  conftest.c >&5
configure:10170: $? = 0
configure:10185: gcc -shared  -fPIC -DPIC conftest.o  -v -Wl,-soname -Wl,conftest -o conftest 2\>\&1 \| /bin/grep  -lc  \>/dev/null 2\>\&1
configure:10188: $? = 0
configure:10202: result: no
configure:10362: checking dynamic linker characteristics
configure:10873: gcc -o conftest -g -O2   -Wl,-rpath -Wl,/foo conftest.c  >&5
configure:10873: $? = 0
configure:11107: result: GNU/Linux ld.so
configure:11214: checking how to hardcode library paths into programs
configure:11239: result: immediate
configure:11779: checking whether stripping libraries is possible
configure:11784: result: yes
configure:11819: checking if libtool supports shared libraries
configure:11821: result: yes
configure:11824: checking whether to build shared libraries
configure:11845: result: yes
configure:11848: checking whether to build static libraries
configure:11852: result: yes
configure:11875: checking how to run the C++ preprocessor
configure:11902: g++ -E  conftest.cpp
configure:11902: $? = 0
configure:11916: g++ -E  conftest.cpp
conftest.cpp:23:28: fatal error: ac_nonexistent.h: No such file or directory
compilation terminated.
configure:11916: $? = 1
configure: failed program was:
| /* confdefs.h */
| #define PACKAGE_NAME "luo-cpp-util"
| #define PACKAGE_TARNAME "luo-cpp-util"
| #define PACKAGE_VERSION "0.1"
| #define PACKAGE_STRING "luo-cpp-util 0.1"
| #define PACKAGE_BUGREPORT "luoleicn@gmail.com"
| #define PACKAGE_URL ""
| #define PACKAGE "test"
| #define VERSION "1.0"
| #define STDC_HEADERS 1
| #define HAVE_SYS_TYPES_H 1
| #define HAVE_SYS_STAT_H 1
| #define HAVE_STDLIB_H 1
| #define HAVE_STRING_H 1
| #define HAVE_MEMORY_H 1
| #define HAVE_STRINGS_H 1
| #define HAVE_INTTYPES_H 1
| #define HAVE_STDINT_H 1
| #define HAVE_UNISTD_H 1
| #define HAVE_DLFCN_H 1
| #define LT_OBJDIR ".libs/"
| /* end confdefs.h.  */
| #include <ac_nonexistent.h>
configure:11941: result: g++ -E
configure:11961: g++ -E  conftest.cpp
configure:11961: $? = 0
configure:11975: g++ -E  conftest.cpp
conftest.cpp:23:28: fatal error: ac_nonexistent.h: No such file or directory
compilation terminated.
configure:11975: $? = 1
configure: failed program was:
| /* confdefs.h */
| #define PACKAGE_NAME "luo-cpp-util"
| #define PACKAGE_TARNAME "luo-cpp-util"
| #define PACKAGE_VERSION "0.1"
| #define PACKAGE_STRING "luo-cpp-util 0.1"
| #define PACKAGE_BUGREPORT "luoleicn@gmail.com"
| #define PACKAGE_URL ""
| #define PACKAGE "test"
| #define VERSION "1.0"
| #define STDC_HEADERS 1
| #define HAVE_SYS_TYPES_H 1
| #define HAVE_SYS_STAT_H 1
| #define HAVE_STDLIB_H 1
| #define HAVE_STRING_H 1
| #define HAVE_MEMORY_H 1
| #define HAVE_STRINGS_H 1
| #define HAVE_INTTYPES_H 1
| #define HAVE_STDINT_H 1
| #define HAVE_UNISTD_H 1
| #define HAVE_DLFCN_H 1
| #define LT_OBJDIR ".libs/"
| /* end confdefs.h.  */
| #include <ac_nonexistent.h>
configure:12144: checking for ld used by g++
configure:12211: result: /usr/bin/ld
configure:12218: checking if the linker (/usr/bin/ld) is GNU ld
configure:12233: result: yes
configure:12288: checking whether the g++ linker (/usr/bin/ld) supports shared libraries
configure:13293: result: yes
configure:13329: g++ -c -g -O2  conftest.cpp >&5
configure:13332: $? = 0
configure:13852: checking for g++ option to produce PIC
configure:13859: result: -fPIC -DPIC
configure:13867: checking if g++ PIC flag -fPIC -DPIC works
configure:13885: g++ -c -g -O2  -fPIC -DPIC -DPIC conftest.cpp >&5
configure:13889: $? = 0
configure:13902: result: yes
configure:13925: checking if g++ static flag -static works
configure:13953: result: yes
configure:13965: checking if g++ supports -c -o file.o
configure:13986: g++ -c -g -O2  -o out/conftest2.o conftest.cpp >&5
configure:13990: $? = 0
configure:14012: result: yes
configure:14017: checking if g++ supports -c -o file.o
configure:14064: result: yes
configure:14094: checking whether the g++ linker (/usr/bin/ld) supports shared libraries
configure:14133: result: yes
configure:14274: checking dynamic linker characteristics
configure:14953: result: GNU/Linux ld.so
configure:15006: checking how to hardcode library paths into programs
configure:15031: result: immediate
configure:15098: checking for string.h
configure:15098: result: yes
configure:15249: creating ./config.status

## ---------------------- ##
## Running config.status. ##
## ---------------------- ##

This file was extended by luo-cpp-util config.status 0.1, which was
generated by GNU Autoconf 2.68.  Invocation command line was

  CONFIG_FILES    = 
  CONFIG_HEADERS  = 
  CONFIG_LINKS    = 
  CONFIG_COMMANDS = 
  $ ./config.status 

on luolei-laptop

config.status:1154: creating Makefile
config.status:1154: creating luo/Makefile
config.status:1154: creating test/Makefile
config.status:1154: creating config.h
config.status:1383: executing depfiles commands
config.status:1383: executing libtool commands

## ---------------- ##
## Cache variables. ##
## ---------------- ##

ac_cv_build=i686-pc-linux-gnu
ac_cv_c_compiler_gnu=yes
ac_cv_cxx_compiler_gnu=yes
ac_cv_env_CCC_set=
ac_cv_env_CCC_value=
ac_cv_env_CC_set=
ac_cv_env_CC_value=
ac_cv_env_CFLAGS_set=
ac_cv_env_CFLAGS_value=
ac_cv_env_CPPFLAGS_set=
ac_cv_env_CPPFLAGS_value=
ac_cv_env_CPP_set=
ac_cv_env_CPP_value=
ac_cv_env_CXXCPP_set=
ac_cv_env_CXXCPP_value=
ac_cv_env_CXXFLAGS_set=
ac_cv_env_CXXFLAGS_value=
ac_cv_env_CXX_set=
ac_cv_env_CXX_value=
ac_cv_env_LDFLAGS_set=
ac_cv_env_LDFLAGS_value=
ac_cv_env_LIBS_set=
ac_cv_env_LIBS_value=
ac_cv_env_build_alias_set=
ac_cv_env_build_alias_value=
ac_cv_env_host_alias_set=
ac_cv_env_host_alias_value=
ac_cv_env_target_alias_set=
ac_cv_env_target_alias_value=
ac_cv_header_dlfcn_h=yes
ac_cv_header_inttypes_h=yes
ac_cv_header_memory_h=yes
ac_cv_header_stdc=yes
ac_cv_header_stdint_h=yes
ac_cv_header_stdlib_h=yes
ac_cv_header_string_h=yes
ac_cv_header_strings_h=yes
ac_cv_header_sys_stat_h=yes
ac_cv_header_sys_types_h=yes
ac_cv_header_unistd_h=yes
ac_cv_host=i686-pc-linux-gnu
ac_cv_objext=o
ac_cv_path_EGREP='/bin/grep -E'
ac_cv_path_FGREP='/bin/grep -F'
ac_cv_path_GREP=/bin/grep
ac_cv_path_SED=/bin/sed
ac_cv_path_install='/usr/bin/install -c'
ac_cv_path_mkdir=/bin/mkdir
ac_cv_prog_AWK=mawk
ac_cv_prog_CPP='gcc -E'
ac_cv_prog_CXXCPP='g++ -E'
ac_cv_prog_ac_ct_AR=ar
ac_cv_prog_ac_ct_CC=gcc
ac_cv_prog_ac_ct_CXX=g++
ac_cv_prog_ac_ct_MANIFEST_TOOL=mt
ac_cv_prog_ac_ct_OBJDUMP=objdump
ac_cv_prog_ac_ct_RANLIB=ranlib
ac_cv_prog_ac_ct_STRIP=strip
ac_cv_prog_cc_c89=
ac_cv_prog_cc_g=yes
ac_cv_prog_cxx_g=yes
ac_cv_prog_make_make_set=yes
am_cv_CC_dependencies_compiler_type=gcc3
am_cv_CXX_dependencies_compiler_type=gcc3
lt_cv_ar_at_file=@
lt_cv_archive_cmds_need_lc=no
lt_cv_deplibs_check_method=pass_all
lt_cv_file_magic_cmd='$MAGIC_CMD'
lt_cv_file_magic_test_file=
lt_cv_ld_reload_flag=-r
lt_cv_nm_interface='BSD nm'
lt_cv_objdir=.libs
lt_cv_path_LD=/usr/bin/ld
lt_cv_path_LDCXX=/usr/bin/ld
lt_cv_path_NM='/usr/bin/nm -B'
lt_cv_path_mainfest_tool=no
lt_cv_prog_compiler_c_o=yes
lt_cv_prog_compiler_c_o_CXX=yes
lt_cv_prog_compiler_pic='-fPIC -DPIC'
lt_cv_prog_compiler_pic_CXX='-fPIC -DPIC'
lt_cv_prog_compiler_pic_works=yes
lt_cv_prog_compiler_pic_works_CXX=yes
lt_cv_prog_compiler_rtti_exceptions=no
lt_cv_prog_compiler_static_works=yes
lt_cv_prog_compiler_static_works_CXX=yes
lt_cv_prog_gnu_ld=yes
lt_cv_prog_gnu_ldcxx=yes
lt_cv_sharedlib_from_linklib_cmd='printf %s\n'
lt_cv_shlibpath_overrides_runpath=no
lt_cv_sys_global_symbol_pipe='sed -n -e '\''s/^.*[	 ]\([ABCDGIRSTW][ABCDGIRSTW]*\)[	 ][	 ]*\([_A-Za-z][_A-Za-z0-9]*\)$/\1 \2 \2/p'\'' | sed '\''/ __gnu_lto/d'\'''
lt_cv_sys_global_symbol_to_c_name_address='sed -n -e '\''s/^: \([^ ]*\)[ ]*$/  {\"\1\", (void *) 0},/p'\'' -e '\''s/^[ABCDGIRSTW]* \([^ ]*\) \([^ ]*\)$/  {"\2", (void *) \&\2},/p'\'''
lt_cv_sys_global_symbol_to_c_name_address_lib_prefix='sed -n -e '\''s/^: \([^ ]*\)[ ]*$/  {\"\1\", (void *) 0},/p'\'' -e '\''s/^[ABCDGIRSTW]* \([^ ]*\) \(lib[^ ]*\)$/  {"\2", (void *) \&\2},/p'\'' -e '\''s/^[ABCDGIRSTW]* \([^ ]*\) \([^ ]*\)$/  {"lib\2", (void *) \&\2},/p'\'''
lt_cv_sys_global_symbol_to_cdecl='sed -n -e '\''s/^T .* \(.*\)$/extern int \1();/p'\'' -e '\''s/^[ABCDGIRSTW]* .* \(.*\)$/extern char \1;/p'\'''
lt_cv_sys_max_cmd_len=1572864
lt_cv_to_host_file_cmd=func_convert_file_noop
lt_cv_to_tool_file_cmd=func_convert_file_noop

## ----------------- ##
## Output variables. ##
## ----------------- ##

ACLOCAL='${SHELL} /home/luolei/all-code/c-cpp/myUtils/missing --run aclocal-1.11'
AMDEPBACKSLASH='\'
AMDEP_FALSE='#'
AMDEP_TRUE=''
AMTAR='$${TAR-tar}'
AR='ar'
AUTOCONF='${SHELL} /home/luolei/all-code/c-cpp/myUtils/missing --run autoconf'
AUTOHEADER='${SHELL} /home/luolei/all-code/c-cpp/myUtils/missing --run autoheader'
AUTOMAKE='${SHELL} /home/luolei/all-code/c-cpp/myUtils/missing --run automake-1.11'
AWK='mawk'
CC='gcc'
CCDEPMODE='depmode=gcc3'
CFLAGS='-g -O2'
CPP='gcc -E'
CPPFLAGS=''
CXX='g++'
CXXCPP='g++ -E'
CXXDEPMODE='depmode=gcc3'
CXXFLAGS='-g -O2'
CYGPATH_W='echo'
DEFS='-DHAVE_CONFIG_H'
DEPDIR='.deps'
DLLTOOL='false'
DSYMUTIL=''
DUMPBIN=''
ECHO_C=''
ECHO_N='-n'
ECHO_T=''
EGREP='/bin/grep -E'
EXEEXT=''
FGREP='/bin/grep -F'
GREP='/bin/grep'
INSTALL_DATA='${INSTALL} -m 644'
INSTALL_PROGRAM='${INSTALL}'
INSTALL_SCRIPT='${INSTALL}'
INSTALL_STRIP_PROGRAM='$(install_sh) -c -s'
LD='/usr/bin/ld'
LDFLAGS=''
LIBOBJS=''
LIBS=''
LIBTOOL='$(SHELL) $(top_builddir)/libtool'
LIPO=''
LN_S='ln -s'
LTLIBOBJS=''
MAKEINFO='${SHELL} /home/luolei/all-code/c-cpp/myUtils/missing --run makeinfo'
MANIFEST_TOOL=':'
MKDIR_P='/bin/mkdir -p'
NM='/usr/bin/nm -B'
NMEDIT=''
OBJDUMP='objdump'
OBJEXT='o'
OTOOL64=''
OTOOL=''
PACKAGE='test'
PACKAGE_BUGREPORT='luoleicn@gmail.com'
PACKAGE_NAME='luo-cpp-util'
PACKAGE_STRING='luo-cpp-util 0.1'
PACKAGE_TARNAME='luo-cpp-util'
PACKAGE_URL=''
PACKAGE_VERSION='0.1'
PATH_SEPARATOR=':'
RANLIB='ranlib'
SED='/bin/sed'
SET_MAKE=''
SHELL='/bin/bash'
STRIP='strip'
VERSION='1.0'
ac_ct_AR='ar'
ac_ct_CC='gcc'
ac_ct_CXX='g++'
ac_ct_DUMPBIN=''
am__EXEEXT_FALSE=''
am__EXEEXT_TRUE='#'
am__fastdepCC_FALSE='#'
am__fastdepCC_TRUE=''
am__fastdepCXX_FALSE='#'
am__fastdepCXX_TRUE=''
am__include='include'
am__isrc=''
am__leading_dot='.'
am__nodep='_no'
am__quote=''
am__tar='$${TAR-tar} chof - "$$tardir"'
am__untar='$${TAR-tar} xf -'
bindir='${exec_prefix}/bin'
build='i686-pc-linux-gnu'
build_alias=''
build_cpu='i686'
build_os='linux-gnu'
build_vendor='pc'
datadir='${datarootdir}'
datarootdir='${prefix}/share'
docdir='${datarootdir}/doc/${PACKAGE_TARNAME}'
dvidir='${docdir}'
exec_prefix='${prefix}'
host='i686-pc-linux-gnu'
host_alias=''
host_cpu='i686'
host_os='linux-gnu'
host_vendor='pc'
htmldir='${docdir}'
includedir='${prefix}/include'
infodir='${datarootdir}/info'
install_sh='${SHELL} /home/luolei/all-code/c-cpp/myUtils/install-sh'
libdir='${exec_prefix}/lib'
libexecdir='${exec_prefix}/libexec'
localedir='${datarootdir}/locale'
localstatedir='${prefix}/var'
mandir='${datarootdir}/man'
mkdir_p='/bin/mkdir -p'
oldincludedir='/usr/include'
pdfdir='${docdir}'
prefix='/usr/local'
program_transform_name='s,x,x,'
psdir='${docdir}'
sbindir='${exec_prefix}/sbin'
sharedstatedir='${prefix}/com'
sysconfdir='${prefix}/etc'
target_alias=''

## ----------- ##
## confdefs.h. ##
## ----------- ##

/* confdefs.h */
#define PACKAGE_NAME "luo-cpp-util"
#define PACKAGE_TARNAME "luo-cpp-util"
#define PACKAGE_VERSION "0.1"
#define PACKAGE_STRING "luo-cpp-util 0.1"
#define PACKAGE_BUGREPORT "luoleicn@gmail.com"
#define PACKAGE_URL ""
#define PACKAGE "test"
#define VERSION "1.0"
#define STDC_HEADERS 1
#define HAVE_SYS_TYPES_H 1
#define HAVE_SYS_STAT_H 1
#define HAVE_STDLIB_H 1
#define HAVE_STRING_H 1
#define HAVE_MEMORY_H 1
#define HAVE_STRINGS_H 1
#define HAVE_INTTYPES_H 1
#define HAVE_STDINT_H 1
#define HAVE_UNISTD_H 1
#define HAVE_DLFCN_H 1
#define LT_OBJDIR ".libs/"
#define HAVE_STRING_H 1

configure: exit 0

## ---------------------- ##
## Running config.status. ##
## ---------------------- ##

This file was extended by luo-cpp-util config.status 0.1, which was
generated by GNU Autoconf 2.68.  Invocation command line was

  CONFIG_FILES    = 
  CONFIG_HEADERS  = 
  CONFIG_LINKS    = 
  CONFIG_COMMANDS = 
  $ ./config.status luo/Makefile depfiles

on luolei-laptop

config.status:1154: creating luo/Makefile
config.status:1383: executing depfiles commands

## ---------------------- ##
## Running config.status. ##
## ---------------------- ##

This file was extended by luo-cpp-util config.status 0.1, which was
generated by GNU Autoconf 2.68.  Invocation command line was

  CONFIG_FILES    = 
  CONFIG_HEADERS  = 
  CONFIG_LINKS    = 
  CONFIG_COMMANDS = 
  $ ./config.status luo/Makefile depfiles

on luolei-laptop

config.status:1154: creating luo/Makefile
config.status:1383: executing depfiles commands

## ---------------------- ##
## Running config.status. ##
## ---------------------- ##

This file was extended by luo-cpp-util config.status 0.1, which was
generated by GNU Autoconf 2.68.  Invocation command line was

  CONFIG_FILES    = 
  CONFIG_HEADERS  = 
  CONFIG_LINKS    = 
  CONFIG_COMMANDS = 
  $ ./config.status luo/Makefile depfiles

on luolei-laptop

config.status:1154: creating luo/Makefile
config.status:1383: executing depfiles commands

## ---------------------- ##
## Running config.status. ##
## ---------------------- ##

This file was extended by luo-cpp-util config.status 0.1, which was
generated by GNU Autoconf 2.68.  Invocation command line was

  CONFIG_FILES    = 
  CONFIG_HEADERS  = 
  CONFIG_LINKS    = 
  CONFIG_COMMANDS = 
  $ ./config.status test/Makefile depfiles

on luolei-laptop

config.status:1154: creating test/Makefile
config.status:1383: executing depfiles commands

## ---------------------- ##
## Running config.status. ##
## ---------------------- ##

This file was extended by luo-cpp-util config.status 0.1, which was
generated by GNU Autoconf 2.68.  Invocation command line was

  CONFIG_FILES    = 
  CONFIG_HEADERS  = 
  CONFIG_LINKS    = 
  CONFIG_COMMANDS = 
  $ ./config.status luo/Makefile depfiles

on luolei-laptop

config.status:1154: creating luo/Makefile
config.status:1383: executing depfiles commands

## ---------------------- ##
## Running config.status. ##
## ---------------------- ##

This file was extended by luo-cpp-util config.status 0.1, which was
generated by GNU Autoconf 2.68.  Invocation command line was

  CONFIG_FILES    = 
  CONFIG_HEADERS  = 
  CONFIG_LINKS    = 
  CONFIG_COMMANDS = 
  $ ./config.status test/Makefile depfiles

on luolei-laptop

config.status:1154: creating test/Makefile
config.status:1383: executing depfiles commands

## ---------------------- ##
## Running config.status. ##
## ---------------------- ##

This file was extended by luo-cpp-util config.status 0.1, which was
generated by GNU Autoconf 2.68.  Invocation command line was

  CONFIG_FILES    = 
  CONFIG_HEADERS  = 
  CONFIG_LINKS    = 
  CONFIG_COMMANDS = 
  $ ./config.status test/Makefile depfiles

on luolei-laptop

config.status:1154: creating test/Makefile
config.status:1383: executing depfiles commands

## ---------------------- ##
## Running config.status. ##
## ---------------------- ##

This file was extended by luo-cpp-util config.status 0.1, which was
generated by GNU Autoconf 2.68.  Invocation command line was

  CONFIG_FILES    = 
  CONFIG_HEADERS  = 
  CONFIG_LINKS    = 
  CONFIG_COMMANDS = 
  $ ./config.status test/Makefile depfiles

on luolei-laptop

config.status:1154: creating test/Makefile
config.status:1383: executing depfiles commands
